f1 = 1.46    f2 = 1.45
eps = 1e-030

自变量算术平均值与因变量平均值:
x(0)=7.46154    x(1)=48.1538    x(2)=11.7692    x(3)=30    y=95.4231

回归系数:
b(0)=1.45194    b(1)=0.41611    b(2)=0    b(3)=-0.23654    b(4)=71.6483    

偏回归平方和:
v(0)=-0.302275    v(1)=-0.0098644    v(2)=4.01692e-005    v(3)=-0.00365708    
残差平方和q = 47.9727

各因子回归系数的标准偏差:
s(0)=0.116998    s(1)=0.18561    s(2)=0    s(3)=0.173288    
估计的标准偏差s = 2.30874

复相关系数C = 0.991128

F-检验值F = 166.832

因变量条件期望值的k个估计值以及k个观测值的残差:
ye(0)=78.4383    yr(0)=0.0616864
ye(1)=72.8673    yr(1)=1.43266
ye(2)=106.191    yr(2)=-1.89097
ye(3)=89.4016    yr(3)=-1.80164
ye(4)=95.6438    yr(4)=0.256247
ye(5)=105.302    yr(5)=3.89822
ye(6)=104.129    yr(6)=-1.42867
ye(7)=75.5919    yr(7)=-3.09188
ye(8)=91.8182    yr(8)=1.28177
ye(9)=115.546    yr(9)=0.353883
ye(10)=81.7023    yr(10)=2.09773
ye(11)=112.244    yr(11)=1.05561
ye(12)=111.625    yr(12)=-2.22467

规格化的系数相关矩阵:
1.06633    0.20439    -0.893654    0.460588    0.567737    
0.20439    18.7803    -2.24227    18.3226    0.430414    
0.893654    2.24227    0.0213363    2.37143    0.000925778    
0.460588    18.3226    -2.37143    18.9401    -0.263183    
-0.567737    -0.430414    0.000925778    0.263183    0.0176645
    
f1 = 4.75    f2 = 4.67
eps = 1e-030

自变量算术平均值与因变量平均值:
x(0)=7.46154    x(1)=48.1538    x(2)=11.7692    x(3)=30    y=95.4231

回归系数:
b(0)=1.46831    b(1)=0.66225    b(2)=0    b(3)=0    b(4)=52.5773    

偏回归平方和:
v(0)=-0.31241    v(1)=-0.44473    v(2)=0.0036063    v(3)=0.00365708    
残差平方和q = 57.9045

各因子回归系数的标准偏差:
s(0)=0.121301    s(1)=0.0458547    s(2)=0    s(3)=0    
估计的标准偏差s = 2.40634

复相关系数C = 0.989282

F-检验值F = 229.504

因变量条件期望值的k个估计值以及k个观测值的残差:
ye(0)=80.074    yr(0)=-1.574
ye(1)=73.2509    yr(1)=1.04908
ye(2)=105.815    yr(2)=-1.51474
ye(3)=89.2585    yr(3)=-1.65848
ye(4)=97.2925    yr(4)=-1.39251
ye(5)=105.152    yr(5)=4.04751
ye(6)=104.002    yr(6)=-1.30205
ye(7)=74.5754    yr(7)=-2.07542
ye(8)=91.2755    yr(8)=1.82451
ye(9)=114.538    yr(9)=1.36246
ye(10)=80.5357    yr(10)=3.26433
ye(11)=112.437    yr(11)=0.862756
ye(12)=112.293    yr(12)=-2.89344

规格化的系数相关矩阵:
1.05513    -0.241181    -0.835985    -0.0243182    0.574137    
-0.241181    1.05513    0.0518466    -0.967396    0.685017    
0.835985    -0.0518466    0.318256    -0.125207    0.0338781    
0.0243182    0.967396    -0.125207    0.0527981    -0.0138956    
-0.574137    -0.685017    0.0338781    -0.0138956    0.0213216
    
f1 = 9.33    f2 = 9.07
eps = 1e-030

自变量算术平均值与因变量平均值:
x(0)=7.46154    x(1)=48.1538    x(2)=11.7692    x(3)=30    y=95.4231

回归系数:
b(0)=1.43996    b(1)=0    b(2)=0    b(3)=-0.613954    b(4)=103.097    

偏回归平方和:
v(0)=-0.297929    v(1)=0.0098644    v(2)=0.00881004    v(3)=-0.438523    
残差平方和q = 74.7621

各因子回归系数的标准偏差:
s(0)=0.138417    s(1)=0    s(2)=0    s(3)=0.0486446    
估计的标准偏差s = 2.73427

复相关系数C = 0.986139

F-检验值F = 176.627

因变量条件期望值的k个估计值以及k个观测值的残差:
ye(0)=76.3399    yr(0)=2.16013
ye(1)=72.6118    yr(1)=1.68825
ye(2)=106.658    yr(2)=-2.35785
ye(3)=90.0811    yr(3)=-2.4811
ye(4)=92.9166    yr(4)=2.98338
ye(5)=105.43    yr(5)=3.77006
ye(6)=103.734    yr(6)=-1.03353
ye(7)=77.5234    yr(7)=-5.02338
ye(8)=92.4703    yr(8)=0.629682
ye(9)=117.374    yr(9)=-1.47371
ye(10)=83.6629    yr(10)=0.137083
ye(11)=111.569    yr(11)=1.73052
ye(12)=110.13    yr(12)=-0.729521

规格化的系数相关矩阵:
1.06411    -0.0108832    -0.869251    0.261179    0.563052    
0.0108832    0.0532473    -0.119395    0.975626    0.0229184    
0.869251    -0.119395    0.289051    0.183816    -0.0504633    
0.261179    -0.975626    -0.183816    1.06411    -0.683107    
-0.563052    0.0229184    -0.0504633    0.683107    0.027529    
