t = 0.05
y(0)=   0.0499792  y(1)=     0.99875  y(2)=    0.951229  
t = 0.1
y(0)=   0.0998334  y(1)=    0.995004  y(2)=    0.904837  
t = 0.15
y(0)=    0.149438  y(1)=    0.988771  y(2)=    0.860708  
t = 0.2
y(0)=    0.198669  y(1)=    0.980067  y(2)=    0.818731  
t = 0.25
y(0)=    0.247404  y(1)=    0.968912  y(2)=    0.778801  
t = 0.3
y(0)=     0.29552  y(1)=    0.955336  y(2)=    0.740818  
t = 0.35
y(0)=    0.342898  y(1)=    0.939373  y(2)=    0.704688  
t = 0.4
y(0)=    0.389418  y(1)=    0.921061  y(2)=     0.67032  
t = 0.45
y(0)=    0.434966  y(1)=    0.900447  y(2)=    0.637628  
t = 0.5
y(0)=    0.479426  y(1)=    0.877583  y(2)=    0.606531  
