t = 0.01
y(0)=    -0.99995  y(1)=  0.00999988  y(2)=     0.99005  
t = 0.02
y(0)=     -0.9998  y(1)=   0.0199988  y(2)=    0.980199  
t = 0.03
y(0)=    -0.99955  y(1)=   0.0299956  y(2)=    0.970446  
t = 0.04
y(0)=     -0.9992  y(1)=   0.0399895  y(2)=     0.96079  
t = 0.05
y(0)=    -0.99875  y(1)=   0.0499794  y(2)=     0.95123  
t = 0.06
y(0)=   -0.998201  y(1)=   0.0599643  y(2)=    0.941765  
t = 0.07
y(0)=   -0.997551  y(1)=   0.0699431  y(2)=    0.932394  
t = 0.08
y(0)=   -0.996802  y(1)=    0.079915  y(2)=    0.923117  
t = 0.09
y(0)=   -0.995953  y(1)=   0.0898789  y(2)=    0.913932  
t = 0.1
y(0)=   -0.995004  y(1)=   0.0998338  y(2)=    0.904838  
