h = 0.01
hmin = 0.0001
hmax = 0.1
eps = 0.001

flag = 1
t=        0  y(0)=           1  y(1)=           0  y(2)=          -1  
t=0.000689777  y(0)=    0.998591  y(1)=3.15899e-005  y(2)=   -0.946338  
t=0.00137955  y(0)=    0.996502  y(1)= 0.000744849  y(2)=   -0.894192  
t=0.00323357  y(0)=    0.988675  y(1)=  0.00488066  y(2)=    -0.75946  
t=0.00508759  y(0)=    0.976732  y(1)=   0.0131464  y(2)=    -0.63549  
t=0.00694161  y(0)=     0.96129  y(1)=   0.0249243  y(2)=   -0.522061  
t=0.0100986  y(0)=    0.928377  y(1)=   0.0516304  y(2)=   -0.352411  
t=0.0132555  y(0)=    0.889586  y(1)=   0.0842532  y(2)=   -0.210762  
t=0.0164125  y(0)=    0.847441  y(1)=    0.120268  y(2)=   -0.094846  
t=0.0195695  y(0)=    0.803844  y(1)=    0.157775  y(2)= -0.00218476  
t= 0.023568  y(0)=    0.748863  y(1)=    0.205096  y(2)=   0.0858296  
t=0.0275665  y(0)=    0.696222  y(1)=    0.250139  y(2)=    0.145945  
t=0.0315651  y(0)=    0.647292  y(1)=    0.291531  y(2)=    0.183266  
t=0.0355636  y(0)=    0.602954  y(1)=    0.328392  y(2)=     0.20244  
t=0.0395621  y(0)=    0.563735  y(1)=    0.360192  y(2)=    0.207577  
t=0.0458759  y(0)=    0.512593  y(1)=    0.399741  y(2)=    0.195664  
t=0.0521896  y(0)=    0.473985  y(1)=    0.426901  y(2)=    0.169112  
t=0.0585033  y(0)=    0.446209  y(1)=    0.443372  y(2)=    0.136401  
t= 0.064817  y(0)=    0.427137  y(1)=    0.451281  y(2)=    0.103242  
t=0.0711307  y(0)=    0.414653  y(1)=    0.452743  y(2)=   0.0730822  
t= 0.078731  y(0)=    0.405714  y(1)=    0.448597  y(2)=   0.0432409  
t=0.0863312  y(0)=     0.40086  y(1)=    0.440564  y(2)=   0.0211851  
t=0.0939314  y(0)=    0.398047  y(1)=    0.430683  y(2)=  0.00631603  
t= 0.101532  y(0)=    0.395908  y(1)=     0.42032  y(2)= -0.00265137  
t= 0.109132  y(0)=    0.393628  y(1)=    0.410287  y(2)= -0.00719698  
t= 0.119089  y(0)=    0.389743  y(1)=    0.398321  y(2)= -0.00872038  
t= 0.129046  y(0)=    0.384662  y(1)=    0.387864  y(2)= -0.00757989  
t= 0.139003  y(0)=    0.378578  y(1)=    0.378716  y(2)= -0.00552278  
t=  0.14896  y(0)=     0.37182  y(1)=    0.370543  y(2)= -0.00349394  
t= 0.158917  y(0)=    0.364699  y(1)=    0.363027  y(2)= -0.00188095  
