0     1   0   -1   
0.000689777     0.998591   3.15899e-005   -0.946338   
0.00137955     0.996502   0.000744849   -0.894192   
0.00323357     0.988675   0.00488066   -0.75946   
0.00508759     0.976732   0.0131464   -0.63549   
0.00694161     0.96129   0.0249243   -0.522061   
0.0100986     0.928377   0.0516304   -0.352411   
0.0132555     0.889586   0.0842532   -0.210762   
0.0164125     0.847441   0.120268   -0.094846   
0.0195695     0.803844   0.157775   -0.00218476   
0.023568     0.748863   0.205096   0.0858296   
0.0275665     0.696222   0.250139   0.145945   
0.0315651     0.647292   0.291531   0.183266   
0.0355636     0.602954   0.328392   0.20244   
0.0395621     0.563735   0.360192   0.207577   
0.0458759     0.512593   0.399741   0.195664   
0.0521896     0.473985   0.426901   0.169112   
0.0585033     0.446209   0.443372   0.136401   
0.064817     0.427137   0.451281   0.103242   
0.0711307     0.414653   0.452743   0.0730822   
0.078731     0.405714   0.448597   0.0432409   
0.0863312     0.40086   0.440564   0.0211851   
0.0939314     0.398047   0.430683   0.00631603   
0.101532     0.395908   0.42032   -0.00265137   
0.109132     0.393628   0.410287   -0.00719698   
0.119089     0.389743   0.398321   -0.00872038   
0.129046     0.384662   0.387864   -0.00757989   
0.139003     0.378578   0.378716   -0.00552278   
0.14896     0.37182   0.370543   -0.00349394   
0.158917     0.364699   0.363027   -0.00188095   
