0     1   0   -1   
0.000218127     0.999707   -0.000143222   -0.982702   
0.000436253     0.999341   -0.000212843   -0.965556   
0.00128643     0.997381   4.96717e-005   -0.899883   
0.0021366     0.994389   0.00134717   -0.836513   
0.00298678     0.990432   0.00361242   -0.775437   
0.0043965     0.9819   0.00934551   -0.679183   
0.00580623     0.971188   0.0172665   -0.589113   
0.00721595     0.958607   0.0270648   -0.505108   
0.00862567     0.944427   0.0384696   -0.427027   
0.0105092     0.923405   0.0557956   -0.331659   
0.0123928     0.900503   0.075016   -0.24614   
0.0142763     0.876207   0.0956443   -0.169995   
0.0161599     0.85095   0.117247   -0.102715   
0.019069     0.810926   0.151654   -0.0149844   
0.0219782     0.770725   0.186271   0.0548703   
0.0248874     0.731274   0.22017   0.108895   
0.0277966     0.693289   0.252635   0.149087   
0.0307058     0.657317   0.28312   0.177348   
0.034273     0.616518   0.317232   0.198334   
0.0378402     0.579765   0.347348   0.207108   
0.0414074     0.547237   0.373285   0.206393   
0.0449746     0.51892   0.395058   0.198575   
0.0485418     0.494658   0.412823   0.185694   
0.052901     0.470134   0.429469   0.16555   
0.0572602     0.45067   0.441124   0.142891   
0.0616194     0.435577   0.448476   0.119615   
0.0659786     0.424148   0.452231   0.097089   
0.0703378     0.415701   0.45307   0.0762414   
0.0754904     0.408704   0.451161   0.0545202   
