0     1   0   -1   
6.89777e-005     0.999923   -6.13974e-005   -0.994497   
0.000137955     0.999839   -0.000115256   -0.989009   
0.000531023     0.999241   -0.000302322   -0.957984   
0.000924091     0.998407   -0.000253055   -0.927454   
0.00131716     0.997344   2.55855e-005   -0.897417   
0.00195598     0.995144   0.000951994   -0.849651   
0.0025948     0.992388   0.00243622   -0.803183   
0.00323363     0.989108   0.00444563   -0.758009   
0.00387245     0.985335   0.00695038   -0.71412   
0.00480963     0.978964   0.0114625   -0.652041   
0.00574681     0.971679   0.0168931   -0.592682   
0.006684     0.963562   0.0231585   -0.536005   
0.00762118     0.954694   0.0301793   -0.481972   
0.00941394     0.935907   0.0454416   -0.385808   
0.0112067     0.915141   0.0626946   -0.298804   
0.0129995     0.892843   0.0814927   -0.220566   
0.0147922     0.869413   0.101436   -0.150669   
0.016585     0.84521   0.122164   -0.0886666   
0.0183777     0.820554   0.143358   -0.0340991   
0.0201705     0.795725   0.164737   0.013504   
0.0219633     0.77097   0.186055   0.0546174   
0.023756     0.746499   0.2071   0.0897148   
0.0255488     0.722493   0.227693   0.119264   
0.0273416     0.699104   0.247681   0.143724   
0.0291343     0.676459   0.266938   0.16354   
0.0309271     0.654658   0.285362   0.179142   
0.0327198     0.633784   0.302872   0.190946   
0.0345126     0.613895   0.319408   0.199344   
0.0374236     0.583809   0.344076   0.206683   
