t = 0.1
y(0)=   0.0998334  y(1)=    0.995004  y(2)=    0.904837  
t = 0.2
y(0)=    0.198669  y(1)=    0.980067  y(2)=    0.818731  
t = 0.3
y(0)=     0.29552  y(1)=    0.955336  y(2)=    0.740818  
t = 0.4
y(0)=    0.389418  y(1)=    0.921061  y(2)=     0.67032  
t = 0.5
y(0)=    0.479426  y(1)=    0.877583  y(2)=    0.606531  
t = 0.6
y(0)=    0.564642  y(1)=    0.825336  y(2)=    0.548812  
t = 0.7
y(0)=    0.644218  y(1)=    0.764842  y(2)=    0.496585  
t = 0.8
y(0)=    0.717356  y(1)=    0.696707  y(2)=    0.449329  
t = 0.9
y(0)=    0.783327  y(1)=     0.62161  y(2)=     0.40657  
t = 1
y(0)=    0.841471  y(1)=    0.540302  y(2)=    0.367879  
