t = 0.001
y(0)=    0.998243  y(1)=-0.000240944  y(2)=     -0.9216  
t = 0.002
y(0)=    0.995011  y(1)= 0.000996761  y(2)=   -0.845389  
t = 0.003
y(0)=    0.990406  y(1)=  0.00361195  y(2)=   -0.772922  
t = 0.004
y(0)=    0.984554  y(1)=  0.00747766  y(2)=   -0.703802  
t = 0.005
y(0)=     0.97757  y(1)=   0.0124796  y(2)=   -0.637904  
t = 0.006
y(0)=    0.969562  y(1)=   0.0185105  y(2)=   -0.575151  
t = 0.007
y(0)=    0.960629  y(1)=   0.0254688  y(2)=   -0.515481  
t = 0.008
y(0)=    0.950869  y(1)=   0.0332583  y(2)=    -0.45883  
t = 0.009
y(0)=    0.940374  y(1)=   0.0417877  y(2)=   -0.405136  
t = 0.01
y(0)=    0.929229  y(1)=   0.0509707  y(2)=   -0.354333  
