t = 0.1
y(0)=      -0.995  y(1)=         0.1  y(2)=       0.905  
t = 0.2
y(0)=       -0.98  y(1)=       0.199  y(2)=       0.819  
t = 0.3
y(0)=     -0.9552  y(1)=       0.296  y(2)=      0.7412  
t = 0.4
y(0)=     -0.9208  y(1)=     0.39004  y(2)=     0.67076  
t = 0.5
y(0)=   -0.877192  y(1)=     0.48016  y(2)=    0.607048  
t = 0.6
y(0)=   -0.824768  y(1)=    0.565478  y(2)=     0.54935  
t = 0.7
y(0)=   -0.764096  y(1)=    0.645114  y(2)=    0.497178  
t = 0.8
y(0)=   -0.695745  y(1)=    0.718298  y(2)=    0.449915  
t = 0.9
y(0)=   -0.620437  y(1)=    0.784263  y(2)=    0.407195  
t = 1
y(0)=   -0.538893  y(1)=    0.842385  y(2)=    0.368476  
