               0               0        0.999966      0.00054187
        0.174533        0.173648        0.984809       -0.174223
        0.349066         0.34202        0.939686       -0.342854
        0.523599             0.5        0.866023       -0.501253
        0.698132        0.642788         0.76604       -0.644475
        0.872665        0.766044        0.642775       -0.768032
          1.0472        0.866025             0.5       -0.868032
         1.22173        0.939693        0.342029       -0.942209
         1.39626        0.984808        0.173646       -0.987361
          1.5708               1    -3.5724e-006        -1.00243
         1.74533        0.984808       -0.173651       -0.987458
         1.91986        0.939693        -0.34201       -0.941819
          2.0944        0.866025       -0.499997       -0.868505
         2.26893        0.766044       -0.642792       -0.767842
         2.44346        0.642788        -0.76606        -0.64472
         2.61799             0.5       -0.866005       -0.500592
         2.79253         0.34202       -0.939669       -0.343497
         2.96706        0.173648       -0.984837       -0.174099
         3.14159    5.35898e-008       -0.999972     0.000664729
         3.31613       -0.173648       -0.984784        0.173369
         3.49066        -0.34202       -0.939711         0.34313
         3.66519            -0.5       -0.866042        0.501073
         3.83972       -0.642788       -0.766028         0.64502
         4.01426       -0.766044       -0.642763        0.767433
         4.18879       -0.866025       -0.500019        0.868323
         4.36332       -0.939693       -0.342017        0.942278
         4.53786       -0.984808       -0.173637        0.987135
         4.71239              -1   -3.94727e-006         1.00259
         4.88692       -0.984808        0.173653        0.987407
         5.06145       -0.939693        0.342011        0.941869
         5.23599       -0.866025        0.499989        0.868355
         5.41052       -0.766045        0.642803        0.768194
         5.58505       -0.642788        0.766025        0.643854
         5.75959            -0.5        0.866006        0.501794
         5.93412        -0.34202        0.939721        0.342932
         6.10865       -0.173648        0.984782        0.173441
         6.28319    -1.0718e-007        0.999966      0.00054187

       0.0872665       0.0871547          0.9962      -0.0868405
        0.261799        0.258818        0.965927       -0.258538
        0.436332        0.422617         0.90631       -0.422053
        0.610865        0.573575        0.819156       -0.572863
        0.785398        0.707105        0.707103       -0.706253
        0.959931        0.819149        0.573571       -0.818031
         1.13446        0.906303        0.422638       -0.905118
           1.309        0.965925        0.258818       -0.964786
         1.48353        0.996193       0.0871498       -0.994896
         1.65806        0.996193      -0.0871491       -0.994945
          1.8326        0.965922       -0.258831       -0.964637
         2.00713        0.906306       -0.422603       -0.905162
         2.18166        0.819153       -0.573586       -0.818176
         2.35619        0.707109       -0.707109       -0.706285
         2.53073         0.57357        -0.81918       -0.572652
         2.70526        0.422617       -0.906265       -0.422044
         2.87979        0.258824       -0.965947       -0.258803
         3.05433       0.0871492       -0.996217      -0.0867123
         3.22886      -0.0871553       -0.996146       0.0870168
         3.40339       -0.258812       -0.965952        0.258245
         3.57792       -0.422613       -0.906325        0.422097
         3.75246        -0.57358       -0.819173        0.573051
         3.92699       -0.707105       -0.707066        0.706227
         4.10152       -0.819146       -0.573596        0.817875
         4.27606       -0.906308       -0.422627        0.905303
         4.45059       -0.965924       -0.258806        0.964707
         4.62512       -0.996192      -0.0871625         0.99486
         4.79966       -0.996192       0.0871606        0.994996
         4.97419       -0.965922         0.25883        0.964637
         5.14872       -0.906306        0.422604        0.905112
         5.32325       -0.819154        0.573577        0.818278
         5.49779       -0.707101         0.70713        0.706021
         5.67232       -0.573575        0.819115        0.572824
         5.84685       -0.422623        0.906327        0.422368
         6.02139       -0.258812        0.965951        0.258182
         6.19592      -0.0871553        0.996146       0.0869916

4.82558e-008
