            0.52         5.28794         1.86548       -0.279319
               8           13.84        0.743662      -0.0206326
           17.95            20.2        0.532912      -0.0217292
           28.65            24.9        0.368185     -0.00906091
           50.65            31.1        0.208755     -0.00543268
           104.6            36.5       0.0293142     -0.00121944
           156.6            36.6      -0.0211538    -0.000721641
           260.7              31      -0.0815142     -0.00043802
           364.4            20.9       -0.106449   -4.28882e-005
             468             7.8       -0.164223     -0.00107244
             507             1.5       -0.135256      0.00255796
             520             0.2      -0.0461151        0.011156

               4         10.3314         1.10286       -0.158968
              14         17.9266        0.617882      -0.0212939
              30         25.3889        0.356103     -0.00883827
              60          32.825        0.161373     -0.00470249
             130         36.8774      0.00142856    -0.000976284
             230         33.2829      -0.0667831    -0.000521662
             450         10.5919       -0.146529    -0.000893563
             515        0.556247      -0.0936277      0.00784906

12904.4
