n = 0  x =  0.05  I(n, x) = 1.00063
n = 0  x =   0.5  I(n, x) = 1.06348
n = 0  x =     5  I(n, x) = 27.2399
n = 0  x =    50  I(n, x) = 2.93255e+020
n = 1  x =  0.05  I(n, x) = 0.0250078
n = 1  x =   0.5  I(n, x) = 0.257894
n = 1  x =     5  I(n, x) = 24.3356
n = 1  x =    50  I(n, x) = 2.90308e+020
n = 2  x =  0.05  I(n, x) = 0.000312565
n = 2  x =   0.5  I(n, x) = 0.0319061
n = 2  x =     5  I(n, x) = 17.5056
n = 2  x =    50  I(n, x) = 2.81647e+020
n = 3  x =  0.05  I(n, x) = 2.60457e-006
n = 3  x =   0.5  I(n, x) = 0.00264511
n = 3  x =     5  I(n, x) = 10.3312
n = 3  x =    50  I(n, x) = 2.67776e+020
n = 4  x =  0.05  I(n, x) = 1.62781e-008
n = 4  x =   0.5  I(n, x) = 0.000164806
n = 4  x =     5  I(n, x) = 5.10823
n = 4  x =    50  I(n, x) = 2.4951e+020
n = 5  x =  0.05  I(n, x) = 8.13887e-011
n = 5  x =   0.5  I(n, x) = 8.22317e-006
n = 5  x =     5  I(n, x) = 2.15797
n = 5  x =    50  I(n, x) = 2.27855e+020

