n = 0  x =  0.05  K(n, x) = 3.11423
n = 0  x =   0.5  K(n, x) = 0.924419
n = 0  x =     5  K(n, x) = 0.0036911
n = 0  x =    50  K(n, x) = 3.41017e-023
n = 1  x =  0.05  K(n, x) = 19.9097
n = 1  x =   0.5  K(n, x) = 1.65644
n = 1  x =     5  K(n, x) = 0.00404461
n = 1  x =    50  K(n, x) = 3.4441e-023
n = 2  x =  0.05  K(n, x) = 799.501
n = 2  x =   0.5  K(n, x) = 7.55018
n = 2  x =     5  K(n, x) = 0.00530894
n = 2  x =    50  K(n, x) = 3.54793e-023
n = 3  x =  0.05  K(n, x) = 63980
n = 3  x =   0.5  K(n, x) = 62.0579
n = 3  x =     5  K(n, x) = 0.00829177
n = 3  x =    50  K(n, x) = 3.72794e-023
n = 4  x =  0.05  K(n, x) = 7.6784e+006
n = 4  x =   0.5  K(n, x) = 752.245
n = 4  x =     5  K(n, x) = 0.0152591
n = 4  x =    50  K(n, x) = 3.99528e-023
n = 5  x =  0.05  K(n, x) = 1.22861e+009
n = 5  x =   0.5  K(n, x) = 12098
n = 5  x =     5  K(n, x) = 0.0327063
n = 5  x =    50  K(n, x) = 4.36718e-023

