n = 0  x = 0.05  J(n, x) = 0.999375
n = 0  x =  0.5  J(n, x) = 0.93847
n = 0  x =    5  J(n, x) = -0.177597
n = 0  x =   50  J(n, x) = 0.0558123
n = 1  x = 0.05  J(n, x) = 0.0249922
n = 1  x =  0.5  J(n, x) = 0.242268
n = 1  x =    5  J(n, x) = -0.327579
n = 1  x =   50  J(n, x) = -0.0975118
n = 2  x = 0.05  J(n, x) = 0.000312435
n = 2  x =  0.5  J(n, x) = 0.030604
n = 2  x =    5  J(n, x) = 0.0465651
n = 2  x =   50  J(n, x) = -0.0597128
n = 3  x = 0.05  J(n, x) = 2.60376e-006
n = 3  x =  0.5  J(n, x) = 0.00256373
n = 3  x =    5  J(n, x) = 0.364831
n = 3  x =   50  J(n, x) = 0.0927348
n = 4  x = 0.05  J(n, x) = 1.6274e-008
n = 4  x =  0.5  J(n, x) = 0.000160736
n = 4  x =    5  J(n, x) = 0.391232
n = 4  x =   50  J(n, x) = 0.070841
n = 5  x = 0.05  J(n, x) = 8.13717e-011
n = 5  x =  0.5  J(n, x) = 8.05363e-006
n = 5  x =    5  J(n, x) = 0.261141
n = 5  x =   50  J(n, x) = -0.0814002

