n = 0  x =  0.05  Y(n, x) = -1.97931
n = 0  x =   0.5  Y(n, x) = -0.444519
n = 0  x =     5  Y(n, x) = -0.308518
n = 0  x =    50  Y(n, x) = -0.098065
n = 1  x =  0.05  Y(n, x) = -12.7899
n = 1  x =   0.5  Y(n, x) = -1.47147
n = 1  x =     5  Y(n, x) = 0.147863
n = 1  x =    50  Y(n, x) = -0.0567957
n = 2  x =  0.05  Y(n, x) = -509.615
n = 2  x =   0.5  Y(n, x) = -5.44137
n = 2  x =     5  Y(n, x) = 0.367663
n = 2  x =    50  Y(n, x) = 0.0957932
n = 3  x =  0.05  Y(n, x) = -40756.4
n = 3  x =   0.5  Y(n, x) = -42.0595
n = 3  x =     5  Y(n, x) = 0.146267
n = 3  x =    50  Y(n, x) = 0.0644591
n = 4  x =  0.05  Y(n, x) = -4.89026e+006
n = 4  x =   0.5  Y(n, x) = -499.273
n = 4  x =     5  Y(n, x) = -0.192142
n = 4  x =    50  Y(n, x) = -0.0880581
n = 5  x =  0.05  Y(n, x) = -7.82401e+008
n = 5  x =   0.5  Y(n, x) = -7946.3
n = 5  x =     5  Y(n, x) = -0.453695
n = 5  x =    50  Y(n, x) = -0.0785484

