x = 0
B(0.5, 0.5) = 0
B(0.5,   5) = 0
B(  1,   3) = 0
B(  5, 0.5) = 0
B(  8,  10) = 0
x = 0.2
B(0.5, 0.5) = 0.273989
B(0.5,   5) = 0.916541
B(  1,   3) = 0.36353
B(  5, 0.5) = 8.18696e-005
B(  8,  10) = 0.009585
x = 0.4
B(0.5, 0.5) = 0.365257
B(0.5,   5) = 0.979039
B(  1,   3) = 0.856001
B(  5, 0.5) = 0.00271228
B(  8,  10) = 0.228213
x = 0.6
B(0.5, 0.5) = 0.634743
B(0.5,   5) = 0.997288
B(  1,   3) = 0.947637
B(  5, 0.5) = 0.0209607
B(  8,  10) = 0.929174
x = 0.8
B(0.5, 0.5) = 0.726011
B(0.5,   5) = 0.999918
B(  1,   3) = 0.992615
B(  5, 0.5) = 0.560966
B(  8,  10) = 0.999546
x = 1
B(0.5, 0.5) = 1
B(0.5,   5) = 1
B(  1,   3) = 1
B(  5, 0.5) = 1
B(  8,  10) = 1

